
ROM used:   1711/8192 (21%)
            1711/8192 (21%) including unused fragments

            1.8 Average locations per line
            12.6 Average locations per statement

RAM used:   19/368 (5%) at main() level
            41/368 (11%) worst case

Stack used: 4 worst case (4 in main + 0 for interrupts)
Stack size: 8

Lines Stmts  %   Files
----- ----- ---  -----
  121    64  47  Temperatura_e_Umidade.c
  672     0   0  ..\..\..\..\..\..\..\..\..\..\Program Files (x86)\PICC\Devices\16F877A.h
  165    72  53  mod_lcd.c
----- -----
  958   136 Total

Page ROM  %  RAM    Vol Diff  Functions:
---- --- --- ---    --- ----  ----------
0     20   1    1             @delay_ms1
0     15   1    1             @delay_us1
0      8   0    0             @const621
0     39   2    1    260  1.9  lcd_envia_nibble
0     33   2    3    176  2.7  lcd_envia_byte
0     61   4    2    433  4.3  lcd_ini
 Inline         4    186  5.5  lcd_pos_xy
0     55   3    1    290  4.1  lcd_escreve
0     38   2    1    179  2.7  ds18b20_start
 Inline         1    154  1.8  ds18b20_write_bit
0     59   3    3    120  3.7  ds18b20_write_byte
 Inline         1    183  2.3  ds18b20_read_bit
0     51   3    2    166  4.4  ds18b20_read_byte
0     88   5    8    331  5.8  ds18b20_read
0    181  11    4    594  5.6  MAIN
0     39   2    2             @SITOF
0    204  12   14             @DIVFF
0      5   0    0             @const668
0     87   5    5             @PSTRINGCN7_637
 Inline        13             @MULFF
 Inline         5             @FTOSD
0     79   5   13             @DIV3232
0    341  20   13             @PRINTF_L32D_637FPFPF
0      1   0    0             @const682
0     86   5    4             @PSTRINGC7_637
0     10   1    0             @const684
0     23   1    5             @MUL1616
0     39   2    5             @DIV1616
0      5   0    0             @const691
0    130   8    9             @PRINTF_LD_637
0     10   1    0             @const694
 Inline         0             @cinit1

Program metrics:
    Functions               12
    Statements              136
    Comments                207
    Volume (V)              5214
    Difficulty (D)          41.6
    Effort to implement (E) 217081
    Time to implement (T)   3 hours, 21 minutes
    Est Delivered Bugs (B)  1
    Cyclomatic Complexity   14
    Maintainability (MI)    107

 Segment     Used  Free
-----------  ----  ----
00000-00003     4  0  
00004-007FF  1707  337  
00800-00FFF     0  2048  
01000-017FF     0  2048  
01800-01FFF     0  2048  



